Determining if the pthread_create exist failed with the following output:
Change Dir: /home/wenws/CV_GNSS/build/CMakeFiles/CMakeTmp

Run Build Command:"/usr/bin/make" "cmTryCompileExec690880605/fast"
/usr/bin/make -f CMakeFiles/cmTryCompileExec690880605.dir/build.make CMakeFiles/cmTryCompileExec690880605.dir/build
make[1]: Entering directory `/home/wenws/CV_GNSS/build/CMakeFiles/CMakeTmp'
/usr/bin/cmake -E cmake_progress_report /home/wenws/CV_GNSS/build/CMakeFiles/CMakeTmp/CMakeFiles 1
Building C object CMakeFiles/cmTryCompileExec690880605.dir/CheckSymbolExists.c.o
/usr/bin/cc    -o CMakeFiles/cmTryCompileExec690880605.dir/CheckSymbolExists.c.o   -c /home/wenws/CV_GNSS/build/CMakeFiles/CMakeTmp/CheckSymbolExists.c
Linking C executable cmTryCompileExec690880605
/usr/bin/cmake -E cmake_link_script CMakeFiles/cmTryCompileExec690880605.dir/link.txt --verbose=1
/usr/bin/cc       CMakeFiles/cmTryCompileExec690880605.dir/CheckSymbolExists.c.o  -o cmTryCompileExec690880605 -rdynamic 
CMakeFiles/cmTryCompileExec690880605.dir/CheckSymbolExists.c.o: In function `main':
CheckSymbolExists.c:(.text+0x16): undefined reference to `pthread_create'
collect2: error: ld returned 1 exit status
make[1]: *** [cmTryCompileExec690880605] Error 1
make[1]: Leaving directory `/home/wenws/CV_GNSS/build/CMakeFiles/CMakeTmp'
make: *** [cmTryCompileExec690880605/fast] Error 2

File /home/wenws/CV_GNSS/build/CMakeFiles/CMakeTmp/CheckSymbolExists.c:
/* */
#include <pthread.h>

int main(int argc, char** argv)
{
  (void)argv;
#ifndef pthread_create
  return ((int*)(&pthread_create))[argc];
#else
  (void)argc;
  return 0;
#endif
}

Determining if the function pthread_create exists in the pthreads failed with the following output:
Change Dir: /home/wenws/CV_GNSS/build/CMakeFiles/CMakeTmp

Run Build Command:"/usr/bin/make" "cmTryCompileExec2899369601/fast"
/usr/bin/make -f CMakeFiles/cmTryCompileExec2899369601.dir/build.make CMakeFiles/cmTryCompileExec2899369601.dir/build
make[1]: Entering directory `/home/wenws/CV_GNSS/build/CMakeFiles/CMakeTmp'
/usr/bin/cmake -E cmake_progress_report /home/wenws/CV_GNSS/build/CMakeFiles/CMakeTmp/CMakeFiles 1
Building C object CMakeFiles/cmTryCompileExec2899369601.dir/CheckFunctionExists.c.o
/usr/bin/cc   -DCHECK_FUNCTION_EXISTS=pthread_create   -o CMakeFiles/cmTryCompileExec2899369601.dir/CheckFunctionExists.c.o   -c /usr/share/cmake-3.2/Modules/CheckFunctionExists.c
Linking C executable cmTryCompileExec2899369601
/usr/bin/cmake -E cmake_link_script CMakeFiles/cmTryCompileExec2899369601.dir/link.txt --verbose=1
/usr/bin/cc   -DCHECK_FUNCTION_EXISTS=pthread_create    CMakeFiles/cmTryCompileExec2899369601.dir/CheckFunctionExists.c.o  -o cmTryCompileExec2899369601 -rdynamic -lpthreads 
/usr/bin/ld: cannot find -lpthreads
collect2: error: ld returned 1 exit status
make[1]: Leaving directory `/home/wenws/CV_GNSS/build/CMakeFiles/CMakeTmp'
make[1]: *** [cmTryCompileExec2899369601] Error 1
make: *** [cmTryCompileExec2899369601/fast] Error 2


